<?xml version="1.0" encoding="UTF-8"?>
<testng-results skipped="0" failed="1" total="10" passed="9">
  <reporter-output>
  </reporter-output>
  <suite name="Test Suite" duration-ms="135157" started-at="2023-05-30T21:09:31Z" finished-at="2023-05-30T21:11:46Z">
    <groups>
    </groups>
    <test name="Test Case" duration-ms="135157" started-at="2023-05-30T21:09:31Z" finished-at="2023-05-30T21:11:46Z">
      <class name="com.automationexercise.testCases.TC_SearchAndProductAddToCart_008">
        <test-method status="PASS" signature="setUp(java.lang.String)[pri:0, instance:com.automationexercise.testCases.TC_SearchAndProductAddToCart_008@6a400542]" name="setUp" is-config="true" duration-ms="4297" started-at="2023-05-30T17:10:20Z" finished-at="2023-05-30T17:10:25Z">
          <params>
            <param index="0">
              <value>
                <![CDATA[chrome]]>
              </value>
            </param>
          </params>
          <reporter-output>
          </reporter-output>
        </test-method> <!-- setUp -->
        <test-method status="PASS" signature="productPageSearchProduct()[pri:0, instance:com.automationexercise.testCases.TC_SearchAndProductAddToCart_008@6a400542]" name="productPageSearchProduct" duration-ms="14224" started-at="2023-05-30T17:10:25Z" finished-at="2023-05-30T17:10:39Z">
          <reporter-output>
          </reporter-output>
        </test-method> <!-- productPageSearchProduct -->
        <test-method status="PASS" signature="productPageVerifySearchProductName()[pri:0, instance:com.automationexercise.testCases.TC_SearchAndProductAddToCart_008@6a400542]" name="productPageVerifySearchProductName" duration-ms="15622" started-at="2023-05-30T17:10:39Z" finished-at="2023-05-30T17:10:55Z">
          <reporter-output>
          </reporter-output>
        </test-method> <!-- productPageVerifySearchProductName -->
        <test-method status="PASS" signature="clickAddToCart()[pri:0, instance:com.automationexercise.testCases.TC_SearchAndProductAddToCart_008@6a400542]" name="clickAddToCart" duration-ms="20467" started-at="2023-05-30T17:10:55Z" finished-at="2023-05-30T17:11:15Z">
          <reporter-output>
          </reporter-output>
        </test-method> <!-- clickAddToCart -->
        <test-method status="PASS" signature="viewCartProduct()[pri:0, instance:com.automationexercise.testCases.TC_SearchAndProductAddToCart_008@6a400542]" name="viewCartProduct" duration-ms="5630" started-at="2023-05-30T17:11:15Z" finished-at="2023-05-30T17:11:21Z">
          <reporter-output>
          </reporter-output>
        </test-method> <!-- viewCartProduct -->
        <test-method status="PASS" signature="tearDown()[pri:0, instance:com.automationexercise.testCases.TC_SearchAndProductAddToCart_008@6a400542]" name="tearDown" is-config="true" duration-ms="844" started-at="2023-05-30T17:11:21Z" finished-at="2023-05-30T17:11:22Z">
          <reporter-output>
          </reporter-output>
        </test-method> <!-- tearDown -->
      </class> <!-- com.automationexercise.testCases.TC_SearchAndProductAddToCart_008 -->
      <class name="com.automationexercise.testCases.TC_VerifyContactForm_006">
        <test-method status="PASS" signature="setUp(java.lang.String)[pri:0, instance:com.automationexercise.testCases.TC_VerifyContactForm_006@1817d444]" name="setUp" is-config="true" duration-ms="4192" started-at="2023-05-30T17:10:02Z" finished-at="2023-05-30T17:10:06Z">
          <params>
            <param index="0">
              <value>
                <![CDATA[chrome]]>
              </value>
            </param>
          </params>
          <reporter-output>
          </reporter-output>
        </test-method> <!-- setUp -->
        <test-method status="PASS" signature="ContactPageTest()[pri:0, instance:com.automationexercise.testCases.TC_VerifyContactForm_006@1817d444]" name="ContactPageTest" duration-ms="13388" started-at="2023-05-30T17:10:06Z" finished-at="2023-05-30T17:10:20Z">
          <reporter-output>
          </reporter-output>
        </test-method> <!-- ContactPageTest -->
        <test-method status="PASS" signature="tearDown()[pri:0, instance:com.automationexercise.testCases.TC_VerifyContactForm_006@1817d444]" name="tearDown" is-config="true" duration-ms="788" started-at="2023-05-30T17:10:20Z" finished-at="2023-05-30T17:10:20Z">
          <reporter-output>
          </reporter-output>
        </test-method> <!-- tearDown -->
      </class> <!-- com.automationexercise.testCases.TC_VerifyContactForm_006 -->
      <class name="com.automationexercise.testCases.TC_RegisterExistingUser_005">
        <test-method status="PASS" signature="setUp(java.lang.String)[pri:0, instance:com.automationexercise.testCases.TC_RegisterExistingUser_005@50a638b5]" name="setUp" is-config="true" duration-ms="3888" started-at="2023-05-30T17:09:54Z" finished-at="2023-05-30T17:09:58Z">
          <params>
            <param index="0">
              <value>
                <![CDATA[chrome]]>
              </value>
            </param>
          </params>
          <reporter-output>
          </reporter-output>
        </test-method> <!-- setUp -->
        <test-method status="PASS" signature="registerExistingUserTest()[pri:0, instance:com.automationexercise.testCases.TC_RegisterExistingUser_005@50a638b5]" name="registerExistingUserTest" duration-ms="3688" started-at="2023-05-30T17:09:58Z" finished-at="2023-05-30T17:10:01Z">
          <reporter-output>
          </reporter-output>
        </test-method> <!-- registerExistingUserTest -->
        <test-method status="PASS" signature="tearDown()[pri:0, instance:com.automationexercise.testCases.TC_RegisterExistingUser_005@50a638b5]" name="tearDown" is-config="true" duration-ms="764" started-at="2023-05-30T17:10:01Z" finished-at="2023-05-30T17:10:02Z">
          <reporter-output>
          </reporter-output>
        </test-method> <!-- tearDown -->
      </class> <!-- com.automationexercise.testCases.TC_RegisterExistingUser_005 -->
      <class name="com.automationexercise.testCases.TC_ViewProductPage_VerifyProductDetails_010">
        <test-method status="PASS" signature="setUp(java.lang.String)[pri:0, instance:com.automationexercise.testCases.TC_ViewProductPage_VerifyProductDetails_010@636be97c]" name="setUp" is-config="true" duration-ms="4255" started-at="2023-05-30T17:11:34Z" finished-at="2023-05-30T17:11:38Z">
          <params>
            <param index="0">
              <value>
                <![CDATA[chrome]]>
              </value>
            </param>
          </params>
          <reporter-output>
          </reporter-output>
        </test-method> <!-- setUp -->
        <test-method status="PASS" signature="productDetail()[pri:0, instance:com.automationexercise.testCases.TC_ViewProductPage_VerifyProductDetails_010@636be97c]" name="productDetail" duration-ms="6868" started-at="2023-05-30T17:11:38Z" finished-at="2023-05-30T17:11:45Z">
          <reporter-output>
          </reporter-output>
        </test-method> <!-- productDetail -->
        <test-method status="PASS" signature="tearDown()[pri:0, instance:com.automationexercise.testCases.TC_ViewProductPage_VerifyProductDetails_010@636be97c]" name="tearDown" is-config="true" duration-ms="1452" started-at="2023-05-30T17:11:45Z" finished-at="2023-05-30T17:11:46Z">
          <reporter-output>
          </reporter-output>
        </test-method> <!-- tearDown -->
      </class> <!-- com.automationexercise.testCases.TC_ViewProductPage_VerifyProductDetails_010 -->
      <class name="com.automationexercise.testCases.TC_VerifyProductQtyInCart_009">
        <test-method status="PASS" signature="setUp(java.lang.String)[pri:0, instance:com.automationexercise.testCases.TC_VerifyProductQtyInCart_009@50b472aa]" name="setUp" is-config="true" duration-ms="4835" started-at="2023-05-30T17:11:22Z" finished-at="2023-05-30T17:11:26Z">
          <params>
            <param index="0">
              <value>
                <![CDATA[chrome]]>
              </value>
            </param>
          </params>
          <reporter-output>
          </reporter-output>
        </test-method> <!-- setUp -->
        <test-method status="FAIL" signature="countProductQtyInCart()[pri:0, instance:com.automationexercise.testCases.TC_VerifyProductQtyInCart_009@50b472aa]" name="countProductQtyInCart" duration-ms="6423" started-at="2023-05-30T17:11:26Z" finished-at="2023-05-30T17:11:33Z">
          <exception class="org.openqa.selenium.NoSuchElementException">
            <message>
              <![CDATA[no such element: Unable to locate element: {"method":"xpath","selector":"//*[@id='quantity']"}
  (Session info: chrome=113.0.5672.127)
For documentation on this error, please visit: https://selenium.dev/exceptions/#no_such_element
Build info: version: '4.9.1', revision: 'eb2032df7f'
System info: os.name: 'Windows 10', os.arch: 'amd64', os.version: '10.0', java.version: '1.8.0_351'
Driver info: org.openqa.selenium.chrome.ChromeDriver
Command: [ff6661dba393d390651500391844af96, findElement {using=xpath, value=//*[@id='quantity']}]
Capabilities {acceptInsecureCerts: false, browserName: chrome, browserVersion: 113.0.5672.127, chrome: {chromedriverVersion: 113.0.5672.63 (0e1a4471d5ae..., userDataDir: C:\Users\harsh\AppData\Loca...}, goog:chromeOptions: {debuggerAddress: localhost:57865}, networkConnectionEnabled: false, pageLoadStrategy: normal, platformName: windows, proxy: Proxy(), se:cdp: ws://localhost:57865/devtoo..., se:cdpVersion: 113.0.5672.127, setWindowRect: true, strictFileInteractability: false, timeouts: {implicit: 0, pageLoad: 300000, script: 30000}, unhandledPromptBehavior: dismiss and notify, webauthn:extension:credBlob: true, webauthn:extension:largeBlob: true, webauthn:extension:minPinLength: true, webauthn:extension:prf: true, webauthn:virtualAuthenticators: true}
Session ID: ff6661dba393d390651500391844af96]]>
            </message>
            <full-stacktrace>
              <![CDATA[org.openqa.selenium.NoSuchElementException: no such element: Unable to locate element: {"method":"xpath","selector":"//*[@id='quantity']"}
  (Session info: chrome=113.0.5672.127)
For documentation on this error, please visit: https://selenium.dev/exceptions/#no_such_element
Build info: version: '4.9.1', revision: 'eb2032df7f'
System info: os.name: 'Windows 10', os.arch: 'amd64', os.version: '10.0', java.version: '1.8.0_351'
Driver info: org.openqa.selenium.chrome.ChromeDriver
Command: [ff6661dba393d390651500391844af96, findElement {using=xpath, value=//*[@id='quantity']}]
Capabilities {acceptInsecureCerts: false, browserName: chrome, browserVersion: 113.0.5672.127, chrome: {chromedriverVersion: 113.0.5672.63 (0e1a4471d5ae..., userDataDir: C:\Users\harsh\AppData\Loca...}, goog:chromeOptions: {debuggerAddress: localhost:57865}, networkConnectionEnabled: false, pageLoadStrategy: normal, platformName: windows, proxy: Proxy(), se:cdp: ws://localhost:57865/devtoo..., se:cdpVersion: 113.0.5672.127, setWindowRect: true, strictFileInteractability: false, timeouts: {implicit: 0, pageLoad: 300000, script: 30000}, unhandledPromptBehavior: dismiss and notify, webauthn:extension:credBlob: true, webauthn:extension:largeBlob: true, webauthn:extension:minPinLength: true, webauthn:extension:prf: true, webauthn:virtualAuthenticators: true}
Session ID: ff6661dba393d390651500391844af96
	at sun.reflect.NativeConstructorAccessorImpl.newInstance0(Native Method)
	at sun.reflect.NativeConstructorAccessorImpl.newInstance(NativeConstructorAccessorImpl.java:62)
	at sun.reflect.DelegatingConstructorAccessorImpl.newInstance(DelegatingConstructorAccessorImpl.java:45)
	at java.lang.reflect.Constructor.newInstance(Constructor.java:423)
	at org.openqa.selenium.remote.codec.w3c.W3CHttpResponseCodec.createException(W3CHttpResponseCodec.java:200)
	at org.openqa.selenium.remote.codec.w3c.W3CHttpResponseCodec.decode(W3CHttpResponseCodec.java:133)
	at org.openqa.selenium.remote.codec.w3c.W3CHttpResponseCodec.decode(W3CHttpResponseCodec.java:53)
	at org.openqa.selenium.remote.HttpCommandExecutor.execute(HttpCommandExecutor.java:193)
	at org.openqa.selenium.remote.service.DriverCommandExecutor.invokeExecute(DriverCommandExecutor.java:183)
	at org.openqa.selenium.remote.service.DriverCommandExecutor.execute(DriverCommandExecutor.java:158)
	at org.openqa.selenium.remote.RemoteWebDriver.execute(RemoteWebDriver.java:543)
	at org.openqa.selenium.remote.ElementLocation$ElementFinder$2.findElement(ElementLocation.java:162)
	at org.openqa.selenium.remote.ElementLocation.findElement(ElementLocation.java:60)
	at org.openqa.selenium.remote.RemoteWebDriver.findElement(RemoteWebDriver.java:352)
	at org.openqa.selenium.remote.RemoteWebDriver.findElement(RemoteWebDriver.java:344)
	at org.openqa.selenium.support.pagefactory.DefaultElementLocator.findElement(DefaultElementLocator.java:70)
	at org.openqa.selenium.support.pagefactory.internal.LocatingElementHandler.invoke(LocatingElementHandler.java:39)
	at com.sun.proxy.$Proxy20.clear(Unknown Source)
	at com.automationexercise.pageObjects.ProductPage.increaseProductQuantity(ProductPage.java:162)
	at com.automationexercise.testCases.TC_VerifyProductQtyInCart_009.countProductQtyInCart(TC_VerifyProductQtyInCart_009.java:22)
	at sun.reflect.NativeMethodAccessorImpl.invoke0(Native Method)
	at sun.reflect.NativeMethodAccessorImpl.invoke(NativeMethodAccessorImpl.java:62)
	at sun.reflect.DelegatingMethodAccessorImpl.invoke(DelegatingMethodAccessorImpl.java:43)
	at java.lang.reflect.Method.invoke(Method.java:498)
	at org.testng.internal.MethodInvocationHelper.invokeMethod(MethodInvocationHelper.java:84)
	at org.testng.internal.Invoker.invokeMethod(Invoker.java:714)
	at org.testng.internal.Invoker.invokeTestMethod(Invoker.java:901)
	at org.testng.internal.Invoker.invokeTestMethods(Invoker.java:1231)
	at org.testng.internal.TestMethodWorker.invokeTestMethods(TestMethodWorker.java:127)
	at org.testng.internal.TestMethodWorker.run(TestMethodWorker.java:111)
	at org.testng.TestRunner.privateRun(TestRunner.java:767)
	at org.testng.TestRunner.run(TestRunner.java:617)
	at org.testng.SuiteRunner.runTest(SuiteRunner.java:348)
	at org.testng.SuiteRunner.runSequentially(SuiteRunner.java:343)
	at org.testng.SuiteRunner.privateRun(SuiteRunner.java:305)
	at org.testng.SuiteRunner.run(SuiteRunner.java:254)
	at org.testng.SuiteRunnerWorker.runSuite(SuiteRunnerWorker.java:52)
	at org.testng.SuiteRunnerWorker.run(SuiteRunnerWorker.java:86)
	at org.testng.TestNG.runSuitesSequentially(TestNG.java:1224)
	at org.testng.TestNG.runSuitesLocally(TestNG.java:1149)
	at org.testng.TestNG.run(TestNG.java:1057)
	at org.testng.remote.AbstractRemoteTestNG.run(AbstractRemoteTestNG.java:115)
	at org.testng.remote.RemoteTestNG.initAndRun(RemoteTestNG.java:251)
	at org.testng.remote.RemoteTestNG.main(RemoteTestNG.java:77)
]]>
            </full-stacktrace>
          </exception> <!-- org.openqa.selenium.NoSuchElementException -->
          <reporter-output>
          </reporter-output>
        </test-method> <!-- countProductQtyInCart -->
        <test-method status="PASS" signature="tearDown()[pri:0, instance:com.automationexercise.testCases.TC_VerifyProductQtyInCart_009@50b472aa]" name="tearDown" is-config="true" duration-ms="937" started-at="2023-05-30T17:11:33Z" finished-at="2023-05-30T17:11:34Z">
          <reporter-output>
          </reporter-output>
        </test-method> <!-- tearDown -->
      </class> <!-- com.automationexercise.testCases.TC_VerifyProductQtyInCart_009 -->
      <class name="com.automationexercise.testCases.TC_InCorrectLogin_003">
        <test-method status="PASS" signature="setUp(java.lang.String)[pri:0, instance:com.automationexercise.testCases.TC_InCorrectLogin_003@6ca8564a]" name="setUp" is-config="true" duration-ms="3390" started-at="2023-05-30T17:09:45Z" finished-at="2023-05-30T17:09:49Z">
          <params>
            <param index="0">
              <value>
                <![CDATA[chrome]]>
              </value>
            </param>
          </params>
          <reporter-output>
          </reporter-output>
        </test-method> <!-- setUp -->
        <test-method status="PASS" signature="inCorrectLoginTest()[pri:0, instance:com.automationexercise.testCases.TC_InCorrectLogin_003@6ca8564a]" name="inCorrectLoginTest" duration-ms="4202" started-at="2023-05-30T17:09:49Z" finished-at="2023-05-30T17:09:53Z">
          <reporter-output>
          </reporter-output>
        </test-method> <!-- inCorrectLoginTest -->
        <test-method status="PASS" signature="tearDown()[pri:0, instance:com.automationexercise.testCases.TC_InCorrectLogin_003@6ca8564a]" name="tearDown" is-config="true" duration-ms="765" started-at="2023-05-30T17:09:53Z" finished-at="2023-05-30T17:09:54Z">
          <reporter-output>
          </reporter-output>
        </test-method> <!-- tearDown -->
      </class> <!-- com.automationexercise.testCases.TC_InCorrectLogin_003 -->
      <class name="com.automationexercise.testCases.TC_CorrectLogin_002">
        <test-method status="PASS" signature="setUp(java.lang.String)[pri:0, instance:com.automationexercise.testCases.TC_CorrectLogin_002@5e82df6a]" name="setUp" is-config="true" duration-ms="7249" started-at="2023-05-30T17:09:31Z" finished-at="2023-05-30T17:09:38Z">
          <params>
            <param index="0">
              <value>
                <![CDATA[chrome]]>
              </value>
            </param>
          </params>
          <reporter-output>
          </reporter-output>
        </test-method> <!-- setUp -->
        <test-method status="PASS" signature="correctLoginTest()[pri:0, instance:com.automationexercise.testCases.TC_CorrectLogin_002@5e82df6a]" name="correctLoginTest" duration-ms="6123" started-at="2023-05-30T17:09:38Z" finished-at="2023-05-30T17:09:45Z">
          <reporter-output>
          </reporter-output>
        </test-method> <!-- correctLoginTest -->
        <test-method status="PASS" signature="tearDown()[pri:0, instance:com.automationexercise.testCases.TC_CorrectLogin_002@5e82df6a]" name="tearDown" is-config="true" duration-ms="819" started-at="2023-05-30T17:09:45Z" finished-at="2023-05-30T17:09:45Z">
          <reporter-output>
          </reporter-output>
        </test-method> <!-- tearDown -->
      </class> <!-- com.automationexercise.testCases.TC_CorrectLogin_002 -->
    </test> <!-- Test Case -->
  </suite> <!-- Test Suite -->
</testng-results>
